<?xml version="1.0" encoding="UTF-8"?>
<!-- Generated by org.testng.reporters.JUnitXMLReporter -->
<testsuite ignored="0" hostname="MGC17NW416NQ" failures="0" tests="2" name="Test" time="86.256" errors="0" timestamp="16 May 2024 18:16:31 GMT">
  <testcase classname="ios.ApplicationPageValidations" name="@AfterMethod tearDown" time="0.03">
    <failure type="org.openqa.selenium.NoSuchSessionException" message="A session is either terminated or not started
Build info: version: &amp;apos;4.21.0&amp;apos;, revision: &amp;apos;79ed462ef4&amp;apos;
System info: os.name: &amp;apos;Mac OS X&amp;apos;, os.arch: &amp;apos;x86_64&amp;apos;, os.version: &amp;apos;14.4.1&amp;apos;, java.version: &amp;apos;17.0.10&amp;apos;
Driver info: io.appium.java_client.ios.IOSDriver
Command: [f3073716-fc06-41b4-b2e6-e2b0e6d300ea, close {}]
Capabilities {appium:autoAcceptAlerts: true, appium:automationName: XCuiTest, appium:bundleId: com.apple.mobilesafari, appium:clearSystemFiles: true, appium:connectHardwareKeyboard: true, appium:databaseEnabled: false, appium:deviceName: iPhone 15, appium:forceSimulatorSoftwareKeyboardPresence: true, appium:fullReset: false, appium:javascriptEnabled: true, appium:locationContextEnabled: false, appium:networkConnectionEnabled: false, appium:safariAllowPopups: true, appium:takesScreenshot: true, appium:udid: 21145A43-5D97-409E-BE7A-E24..., appium:webStorageEnabled: false, platformName: IOS}
Session ID: f3073716-fc06-41b4-b2e6-e2b0e6d300ea">
      <![CDATA[org.openqa.selenium.NoSuchSessionException: A session is either terminated or not started
Build info: version: '4.21.0', revision: '79ed462ef4'
System info: os.name: 'Mac OS X', os.arch: 'x86_64', os.version: '14.4.1', java.version: '17.0.10'
Driver info: io.appium.java_client.ios.IOSDriver
Command: [f3073716-fc06-41b4-b2e6-e2b0e6d300ea, close {}]
Capabilities {appium:autoAcceptAlerts: true, appium:automationName: XCuiTest, appium:bundleId: com.apple.mobilesafari, appium:clearSystemFiles: true, appium:connectHardwareKeyboard: true, appium:databaseEnabled: false, appium:deviceName: iPhone 15, appium:forceSimulatorSoftwareKeyboardPresence: true, appium:fullReset: false, appium:javascriptEnabled: true, appium:locationContextEnabled: false, appium:networkConnectionEnabled: false, appium:safariAllowPopups: true, appium:takesScreenshot: true, appium:udid: 21145A43-5D97-409E-BE7A-E24..., appium:webStorageEnabled: false, platformName: IOS}
Session ID: f3073716-fc06-41b4-b2e6-e2b0e6d300ea
	at org.openqa.selenium.remote.ErrorCodec.decode(ErrorCodec.java:167)
	at org.openqa.selenium.remote.codec.w3c.W3CHttpResponseCodec.decode(W3CHttpResponseCodec.java:138)
	at org.openqa.selenium.remote.codec.w3c.W3CHttpResponseCodec.decode(W3CHttpResponseCodec.java:50)
	at org.openqa.selenium.remote.HttpCommandExecutor.execute(HttpCommandExecutor.java:190)
	at io.appium.java_client.remote.AppiumCommandExecutor.execute(AppiumCommandExecutor.java:237)
	at org.openqa.selenium.remote.RemoteWebDriver.execute(RemoteWebDriver.java:518)
	at org.openqa.selenium.remote.RemoteWebDriver.execute(RemoteWebDriver.java:591)
	at io.appium.java_client.AppiumDriver.execute(AppiumDriver.java:307)
	at org.openqa.selenium.remote.RemoteWebDriver.close(RemoteWebDriver.java:405)
	at ios.ApplicationPageValidations.tearDown(ApplicationPageValidations.java:223)
... Removed 32 stack frames]]>
    </failure>
  </testcase> <!-- @AfterMethod tearDown -->
  <testcase classname="ios.ApplicationPageValidations" name="@AfterTest tearDown" time="0.0">
    <skipped/>
  </testcase> <!-- @AfterTest tearDown -->
  <testcase classname="ios.PricingTierPageValidations" name="@AfterTest tearDown" time="0.0">
    <skipped/>
  </testcase> <!-- @AfterTest tearDown -->
  <testcase classname="ios.PricingTierPageValidations" name="PricingTierPageValidations" time="73.429"/>
  <testcase classname="ios.ApplicationPageValidations" name="ApplicationPageValidations" time="0.237"/>
</testsuite> <!-- Test -->
