<?xml version="1.0" encoding="UTF-8"?>
<!-- Generated by org.testng.reporters.JUnitXMLReporter -->
<testsuite ignored="0" hostname="MGC17NW416NQ" failures="0" tests="2" name="Test" time="167.478" errors="0" timestamp="01 May 2024 16:53:33 GMT">
  <testcase classname="ios.ApplicationPageValidations" name="@AfterTest tearDown" time="0.028">
    <failure type="org.openqa.selenium.NoSuchSessionException" message="A session is either terminated or not started
Build info: version: &amp;apos;4.20.0&amp;apos;, revision: &amp;apos;866c76ca80&amp;apos;
System info: os.name: &amp;apos;Mac OS X&amp;apos;, os.arch: &amp;apos;x86_64&amp;apos;, os.version: &amp;apos;14.4.1&amp;apos;, java.version: &amp;apos;17.0.10&amp;apos;
Driver info: io.appium.java_client.ios.IOSDriver
Command: [ed3abe08-8ef5-4872-a87e-bf6b251d46c8, quit {}]
Capabilities {appium:autoAcceptAlerts: true, appium:automationName: XCuiTest, appium:bundleId: com.apple.mobilesafari, appium:clearSystemFiles: true, appium:connectHardwareKeyboard: true, appium:databaseEnabled: false, appium:deviceName: iPhone 15, appium:forceSimulatorSoftwareKeyboardPresence: true, appium:fullReset: false, appium:javascriptEnabled: true, appium:locationContextEnabled: false, appium:networkConnectionEnabled: false, appium:safariAllowPopups: true, appium:takesScreenshot: true, appium:udid: 33771967-3DC8-43C9-AAFA-D60..., appium:webStorageEnabled: false, platformName: IOS}
Session ID: ed3abe08-8ef5-4872-a87e-bf6b251d46c8">
      <![CDATA[org.openqa.selenium.NoSuchSessionException: A session is either terminated or not started
Build info: version: '4.20.0', revision: '866c76ca80'
System info: os.name: 'Mac OS X', os.arch: 'x86_64', os.version: '14.4.1', java.version: '17.0.10'
Driver info: io.appium.java_client.ios.IOSDriver
Command: [ed3abe08-8ef5-4872-a87e-bf6b251d46c8, quit {}]
Capabilities {appium:autoAcceptAlerts: true, appium:automationName: XCuiTest, appium:bundleId: com.apple.mobilesafari, appium:clearSystemFiles: true, appium:connectHardwareKeyboard: true, appium:databaseEnabled: false, appium:deviceName: iPhone 15, appium:forceSimulatorSoftwareKeyboardPresence: true, appium:fullReset: false, appium:javascriptEnabled: true, appium:locationContextEnabled: false, appium:networkConnectionEnabled: false, appium:safariAllowPopups: true, appium:takesScreenshot: true, appium:udid: 33771967-3DC8-43C9-AAFA-D60..., appium:webStorageEnabled: false, platformName: IOS}
Session ID: ed3abe08-8ef5-4872-a87e-bf6b251d46c8
	at org.openqa.selenium.remote.ErrorCodec.decode(ErrorCodec.java:167)
	at org.openqa.selenium.remote.codec.w3c.W3CHttpResponseCodec.decode(W3CHttpResponseCodec.java:138)
	at org.openqa.selenium.remote.codec.w3c.W3CHttpResponseCodec.decode(W3CHttpResponseCodec.java:50)
	at org.openqa.selenium.remote.HttpCommandExecutor.execute(HttpCommandExecutor.java:190)
	at io.appium.java_client.remote.AppiumCommandExecutor.execute(AppiumCommandExecutor.java:237)
	at org.openqa.selenium.remote.RemoteWebDriver.execute(RemoteWebDriver.java:518)
	at org.openqa.selenium.remote.RemoteWebDriver.execute(RemoteWebDriver.java:591)
	at io.appium.java_client.AppiumDriver.execute(AppiumDriver.java:307)
	at org.openqa.selenium.remote.RemoteWebDriver.quit(RemoteWebDriver.java:433)
	at ios.ApplicationPageValidations.tearDown(ApplicationPageValidations.java:210)
... Removed 28 stack frames]]>
    </failure>
  </testcase> <!-- @AfterTest tearDown -->
  <testcase classname="ios.ExperianFail" name="@AfterTest tearDown" time="0.0">
    <skipped/>
  </testcase> <!-- @AfterTest tearDown -->
  <testcase classname="ios.ExperianFail" name="ExperianFailTest" time="110.531"/>
  <testcase classname="ios.ApplicationPageValidations" name="ApplicationPageValidations" time="0.198"/>
</testsuite> <!-- Test -->
