<?xml version="1.0" encoding="UTF-8"?>
<testng-results ignored="0" total="1" passed="1" failed="0" skipped="0">
  <reporter-output>
  </reporter-output>
  <suite started-at="2024-05-21T16:19:34Z" name="Default suite" finished-at="2024-05-21T16:22:26Z" duration-ms="172240">
    <groups>
    </groups>
    <test started-at="2024-05-21T16:19:34Z" name="Default test" finished-at="2024-05-21T16:22:26Z" duration-ms="172240">
      <class name="ios.PasswordPageValidations">
        <test-method is-config="true" signature="setup()[pri:0, instance:ios.PasswordPageValidations@660f0c]" started-at="2024-05-21T12:19:34Z" name="setup" finished-at="2024-05-21T12:19:55Z" duration-ms="21260" status="PASS">
          <reporter-output>
          </reporter-output>
        </test-method> <!-- setup -->
        <test-method signature="PasswordValidations()[pri:0, instance:ios.PasswordPageValidations@660f0c]" started-at="2024-05-21T12:19:55Z" name="PasswordValidations" finished-at="2024-05-21T12:22:24Z" duration-ms="149348" status="PASS">
          <reporter-output>
          </reporter-output>
        </test-method> <!-- PasswordValidations -->
        <test-method is-config="true" signature="tearDown()[pri:0, instance:ios.PasswordPageValidations@660f0c]" started-at="2024-05-21T12:22:25Z" name="tearDown" finished-at="2024-05-21T12:22:26Z" duration-ms="1134" status="PASS">
          <reporter-output>
          </reporter-output>
        </test-method> <!-- tearDown -->
        <test-method is-config="true" signature="tearDown()[pri:0, instance:ios.PasswordPageValidations@660f0c]" started-at="2024-05-21T12:22:26Z" name="tearDown" finished-at="2024-05-21T12:22:26Z" duration-ms="1" status="PASS">
          <reporter-output>
          </reporter-output>
        </test-method> <!-- tearDown -->
      </class> <!-- ios.PasswordPageValidations -->
    </test> <!-- Default test -->
  </suite> <!-- Default suite -->
</testng-results>
